<?xml version="1.0" encoding="UTF-8"?>
<!-- Generated by org.testng.reporters.JUnitXMLReporter -->
<testsuite hostname="Keerthi-PC" ignored="3" name="Test" tests="3" failures="0" timestamp="03 May 2019 06:41:31 GMT" time="0.031" errors="0">
  <testcase name="createReportTest" time="0.016" classname="com.acttime.reporttest.GroupExecution"/>
  <testcase name="deleteReportTest" time="0.0" classname="com.acttime.reporttest.GroupExecution"/>
  <testcase name="modifyReportTest" time="0.0" classname="com.acttime.reporttest.GroupExecution"/>
  <testcase name="deleteReportTest" time="0.0" classname="com.acttime.reporttest.ReportTest">
    <ignored/>
  </testcase> <!-- deleteReportTest -->
  <testcase name="createReportTest" time="0.0" classname="com.acttime.reporttest.ReportTest">
    <ignored/>
  </testcase> <!-- createReportTest -->
  <testcase name="modifyReportTest" time="0.0" classname="com.acttime.reporttest.ReportTest">
    <ignored/>
  </testcase> <!-- modifyReportTest -->
</testsuite> <!-- Test -->
