<?xml version="1.0" encoding="UTF-8"?>
<!-- Generated by org.testng.reporters.JUnitXMLReporter -->
<testsuite hostname="Keerthi-PC" ignored="0" name="Default test" tests="2" failures="0" timestamp="07 May 2019 06:22:14 GMT" time="25.279" errors="0">
  <testcase name="createCustomerTest" time="3.7" classname="com.acttime.customertest.CutomerTestObjRepo"/>
  <testcase name="createCustomerwithDescTest" time="1.551" classname="com.acttime.customertest.CutomerTestObjRepo"/>
</testsuite> <!-- Default test -->
